<?xml version="1.0" encoding="UTF-8"?>
<testsuite name="LogInTestRunner" tests="1" skipped="0" failures="0" errors="0" timestamp="2021-12-04T12:28:45" hostname="DESKTOP-64KE9LQ" time="69.295">
  <properties/>
  <testcase name="validLogin" classname="LogInTestRunner" time="69.295"/>
  <system-out><![CDATA[]]></system-out>
  <system-err><![CDATA[]]></system-err>
</testsuite>
