<?xml version="1.0" encoding="UTF-8"?>
<testsuite name="LogInTestRunner" tests="1" skipped="0" failures="0" errors="0" timestamp="2021-11-30T15:01:40" hostname="DESKTOP-64KE9LQ" time="111.437">
  <properties/>
  <testcase name="dologininvalidemail" classname="LogInTestRunner" time="111.437"/>
  <system-out><![CDATA[]]></system-out>
  <system-err><![CDATA[]]></system-err>
</testsuite>
